
OBLIQUITY: 23.50 degrees

SUMMARY
   planet average temperature = 288.094 Kelvin
   planet average albedo =   0.312
   planet average insolation = 339.775 Watts/m^2
   planet average outgoing infrared = 234.532 Watts/m^2
   seasonal-average weathering rate = .133E+16 g/year
   co2 partial pressure = .330E-03 bars
   thermal diffusion coefficient (D) = .380E+00 Watts/m^2 K
   convergence to final temperature profile in 0.316E+10 seconds

ZONAL STATISTICS
 latitude(deg)  ave temp(K)  min temp(K)  @dec(deg)  max temp(K)  @dec(deg)  seas.amp(K)
    -85.          249.964      247.688      -5.99      252.192      -8.92        2.252
    -75.          252.235      250.072      -5.61      254.338      -5.93        2.133
    -65.          259.023      256.650      -4.45      261.359      -0.48        2.355
    -55.          270.475      266.981       2.59      273.993      -4.77        3.506
    -45.          280.393      277.112       2.20      283.667      -2.44        3.277
    -35.          288.812      286.146       2.98      291.459      -0.87        2.657
    -25.          295.491      293.524       4.15      297.433       0.79        1.954
    -15.          300.164      298.934       6.07      301.368       3.14        1.217
     -5.          302.635      302.149      11.21      303.104       9.21        0.478
      5.          302.813      302.326     -11.43      303.282      -9.35        0.478
     15.          300.734      299.506      -6.31      301.941      -3.29        1.217
     25.          296.568      294.610      -4.00      298.513      -0.55        1.952
     35.          290.626      287.986      -2.83      293.265       0.63        2.640
     45.          283.359      280.103      -1.66      286.635       1.81        3.266
     55.          275.348      271.585      -0.87      279.166       3.37        3.790
     65.          267.236      263.382      -0.48      271.195       6.07        3.907
     75.          259.408      256.709       7.36      261.952       2.59        2.622
     85.          256.800      254.331       7.73      258.991       6.45        2.330

ICE LINES (Tave = 263K)
  ice-line latitude = -61.4 degrees.
  ice-line latitude =  70.2 degrees.

CO2 CLOUDS
  planet average co2 cloud coverage = 0.000

GEOGRAPHIC DATA
planet ocean fraction: 0.7
coast latitude:   0.0
geography: 5
number of belts: 18
  latitude of belt center  belt ocean fraction
           -85.0                   0.000
           -75.0                   0.000
           -65.0                   0.000
           -55.0                   0.000
           -45.0                   0.000
           -35.0                   0.000
           -25.0                   0.000
           -15.0                   0.000
            -5.0                   0.000
             5.0                   0.000
            15.0                   0.000
            25.0                   0.000
            35.0                   0.000
            45.0                   0.000
            55.0                   0.000
            65.0                   0.000
            75.0                   0.000
            85.0                   0.000
