        0   288.121     0.330E-03   0.38000
        1   288.257     0.330E-03   0.38000
        2   288.285     0.330E-03   0.38000
        3   288.232     0.330E-03   0.38000
        4   288.194     0.330E-03   0.38000
        5   288.166     0.330E-03   0.38000
        6   288.146     0.330E-03   0.38000
        7   288.132     0.330E-03   0.38000
        8   288.122     0.330E-03   0.38000
        9   288.114     0.330E-03   0.38000
       10   288.108     0.330E-03   0.38000
       11   288.104     0.330E-03   0.38000
       12   288.102     0.330E-03   0.38000
       13   288.099     0.330E-03   0.38000
       14   288.098     0.330E-03   0.38000
       15   288.097     0.330E-03   0.38000
       16   288.096     0.330E-03   0.38000
       17   288.095     0.330E-03   0.38000
       18   288.095     0.330E-03   0.38000
       19   288.095     0.330E-03   0.38000
       20   288.094     0.330E-03   0.38000
       21   288.094     0.330E-03   0.38000
       22   288.094     0.330E-03   0.38000
       23   288.094     0.330E-03   0.38000
       24   288.094     0.330E-03   0.38000
       25   288.094     0.330E-03   0.38000
       26   288.094     0.330E-03   0.38000
       27   288.094     0.330E-03   0.38000
       28   288.094     0.330E-03   0.38000
       29   288.094     0.330E-03   0.38000
       30   288.094     0.330E-03   0.38000
       31   288.094     0.330E-03   0.38000
       32   288.094     0.330E-03   0.38000
       33   288.094     0.330E-03   0.38000
       34   288.094     0.330E-03   0.38000
       35   288.094     0.330E-03   0.38000
       36   288.094     0.330E-03   0.38000
       37   288.094     0.330E-03   0.38000
       38   288.094     0.330E-03   0.38000
       39   288.094     0.330E-03   0.38000
       40   288.094     0.330E-03   0.38000
       41   288.094     0.330E-03   0.38000
       42   288.094     0.330E-03   0.38000
       43   288.094     0.330E-03   0.38000
       44   288.094     0.330E-03   0.38000
       45   288.094     0.330E-03   0.38000
       46   288.094     0.330E-03   0.38000
       47   288.094     0.330E-03   0.38000
       48   288.094     0.330E-03   0.38000
       49   288.094     0.330E-03   0.38000
       50   288.094     0.330E-03   0.38000
       51   288.094     0.330E-03   0.38000
       52   288.094     0.330E-03   0.38000
       53   288.094     0.330E-03   0.38000
       54   288.094     0.330E-03   0.38000
       55   288.094     0.330E-03   0.38000
       56   288.094     0.330E-03   0.38000
       57   288.094     0.330E-03   0.38000
       58   288.094     0.330E-03   0.38000
       59   288.094     0.330E-03   0.38000
       60   288.094     0.330E-03   0.38000
       61   288.094     0.330E-03   0.38000
       62   288.094     0.330E-03   0.38000
       63   288.094     0.330E-03   0.38000
       64   288.094     0.330E-03   0.38000
       65   288.094     0.330E-03   0.38000
       66   288.094     0.330E-03   0.38000
       67   288.094     0.330E-03   0.38000
       68   288.094     0.330E-03   0.38000
       69   288.094     0.330E-03   0.38000
       70   288.094     0.330E-03   0.38000
       71   288.094     0.330E-03   0.38000
       72   288.094     0.330E-03   0.38000
       73   288.094     0.330E-03   0.38000
       74   288.094     0.330E-03   0.38000
       75   288.094     0.330E-03   0.38000
       76   288.094     0.330E-03   0.38000
       77   288.094     0.330E-03   0.38000
       78   288.094     0.330E-03   0.38000
       79   288.094     0.330E-03   0.38000
       80   288.094     0.330E-03   0.38000
       81   288.094     0.330E-03   0.38000
       82   288.094     0.330E-03   0.38000
       83   288.094     0.330E-03   0.38000
       84   288.094     0.330E-03   0.38000
       85   288.094     0.330E-03   0.38000
       86   288.094     0.330E-03   0.38000
       87   288.094     0.330E-03   0.38000
       88   288.094     0.330E-03   0.38000
       89   288.094     0.330E-03   0.38000
       90   288.094     0.330E-03   0.38000
       91   288.094     0.330E-03   0.38000
       92   288.094     0.330E-03   0.38000
       93   288.094     0.330E-03   0.38000
       94   288.094     0.330E-03   0.38000
       95   288.094     0.330E-03   0.38000
       96   288.094     0.330E-03   0.38000
       97   288.094     0.330E-03   0.38000
       98   288.094     0.330E-03   0.38000
       99   288.094     0.330E-03   0.38000
